<?xml version="1.0" encoding="UTF-8"?>
<testng-results ignored="0" total="1" passed="1" failed="0" skipped="0">
  <reporter-output>
  </reporter-output>
  <suite started-at="2023-05-23T14:49:11 IST" name="Suite" finished-at="2023-05-23T14:51:40 IST" duration-ms="149544">
    <groups>
    </groups>
    <test started-at="2023-05-23T14:49:11 IST" name="Test" finished-at="2023-05-23T14:51:40 IST" duration-ms="149544">
      <class name="GitAndGitHub.JenDemo">
        <test-method signature="Test11()[pri:0, instance:GitAndGitHub.JenDemo@747ddf94]" started-at="2023-05-23T14:49:11 IST" name="Test11" finished-at="2023-05-23T14:51:40 IST" duration-ms="149370" status="PASS">
          <reporter-output>
          </reporter-output>
        </test-method> <!-- Test11 -->
      </class> <!-- GitAndGitHub.JenDemo -->
    </test> <!-- Test -->
  </suite> <!-- Suite -->
</testng-results>
